1701534077152:ag
1701534103879:ab
1701534107329:bbid
1701534114958:bbid 2
1701534144466:bins
1701534153989:bdel 2
1701534165772:aa
1701614869155:ab
1701616587477:fbid
1701616591164:fbid 1
1701616654756:fbid 2
1701616657340:fbid 3
1701618546821:bins "MegaBook", 1, 2
1701618585942:bins "Test", 1, 2
1701618608464:bins "Test" 1 1
1701618628241:bins "Test" 1 2
1701619186710:bins "Test", 1, 2
1701619195133:bins "Test" 1 2
1701619229886:bins "Test2" 1 5
1701619251992:bins "test" 1 5
1701621312899:bins "test" 1 2
1701621542385:bins "test" 1 5
1701621552785:bins "test" 1 2
1701621561161:bins "test" 5 1
1701621736470:bins "test" 1 3
1701622059779:bins "test" 5 1
1701622087022:bins test 5 5
1701622094649:bins test 1 5
1701622103535:test 1 2
1701622108381:bins test 1 2
1701628056526:bupd 1 test 1 2
1701629335244:bupd 1 test 1 1
1701630683188:bins test 1 2
1701630703683:bupd 4 test2 2 3
1701630724546:bupd 5 test2 2 3
1701630782555:bupd 4 test2 2 3
1701630819728:bupd 5 test2 2 3
1701631014049:bupd 5 test 1 2
1701631200664:aa
1701631202648:ab
1701631204408:ag
1701631874127:bdel 3
1701631881367:ab
1701631895592:bdel 2
1701632002333:ab
1701632007130:bdel 3
1701632018312:bdel 5
1701632178364:bdel 3
1701632186481:bdel 5
1701632258735:aa
1701632789522:ab
1701632790896:ag
1701632800759:bins test 1 2
1701632809942:bupd 4 test2 1 2
1701632817303:bdel 4
1701632820475:bdel 5
1701632828803:bins test 5 5
1701632842545:bupd 2 test 2 6
1701708036667:fbid 10
1701716028319:bdel 1
1701716030484:bdel 2
1701716032190:bdel 3
1701716036548:fab
1701716045869:ab
1701716972362:bins test 1 2
1701716976044:bins test 1 5
1701717494931:bdel 10
1701717692523:bins test 1 5
1701717700083:bupd 10 test 1 5
1701717714139:bupd 10 test 1 1
1701717721123:bupd 10 test 10 5
1701717731405:bins test 40 50
1702358151441:aa
1703415045290:ag
1703415073444:ab
1703415168836:fbid 2
1703415306334:bins test, 1, 2
1703415318228:bins test 1 2
1703416679932:bins 1 2
1703416699371:bins test 1 2
1703416726122:ab
1703416742533:bupd tets2 1 2
1703416776392:bupd 4 test2 2 3
1703416816855:ab
1703416821881:bins test 1 2
1703416835416:bupd 4 test2 2 3
1703416932082:ab
1703417701331:bins test 1 2
1703417715529:bupd 4 test2 2 3
1703417767550:bupd 3 test 2 3
1703417784872:bdel 3
1703417813142:aa
1703417825165:ab
1703417868359:bdel 3
1703417871817:ab
1703431556591:aa
1703431572268:ag
1703431575195:ab
1703431599497:bins test 1 2
1703431613301:bupd 4 test2 2 3
1703431627151:bdel 4
1703432030390:bdel 3
1703432049612:fbcid 2
1703432273775:cins "Мура какая-то" 2
1703432289590:fbcid 2
1703432407246:cins "ура какая-то" 2
1703432541624:cins "Мура какая-то" 2
1703432556991:cupd 4 "Фигня какая-то"
1703432579358:fbcid 2
1703433275861:fbc 2
1703433289232:cins Фигня 2
1703433291888:fbc 2
1703433317657:cupd 4 Мура
1703433323495:fbc 2
1703433329876:cdel 10
