2025-03-31T15:14:34.491+03:00  INFO 22032 --- [main] ru.otus.hw.Application                   : Starting Application using Java 17.0.2 with PID 22032 (C:\Мои документы\_Учеба\_Otus\2023-09-otus-spring-Monastyrskaya\hw16-actuator\target\classes started by olgap in C:\Мои документы\_Учеба\_Otus\2023-09-otus-spring-Monastyrskaya\hw16-actuator)
2025-03-31T15:14:34.494+03:00  INFO 22032 --- [main] ru.otus.hw.Application                   : No active profile set, falling back to 1 default profile: "default"
2025-03-31T15:14:35.228+03:00  INFO 22032 --- [main] .s.d.r.c.RepositoryConfigurationDelegate : Bootstrapping Spring Data MongoDB repositories in DEFAULT mode.
2025-03-31T15:14:35.270+03:00  INFO 22032 --- [main] .s.d.r.c.RepositoryConfigurationDelegate : Finished Spring Data repository scanning in 40 ms. Found 5 MongoDB repository interfaces.
2025-03-31T15:14:35.608+03:00  INFO 22032 --- [main] o.s.b.w.embedded.tomcat.TomcatWebServer  : Tomcat initialized with port 8080 (http)
2025-03-31T15:14:35.615+03:00  INFO 22032 --- [main] o.apache.catalina.core.StandardService   : Starting service [Tomcat]
2025-03-31T15:14:35.615+03:00  INFO 22032 --- [main] o.apache.catalina.core.StandardEngine    : Starting Servlet engine: [Apache Tomcat/10.1.26]
2025-03-31T15:14:35.655+03:00  INFO 22032 --- [main] o.a.c.c.C.[Tomcat].[localhost].[/]       : Initializing Spring embedded WebApplicationContext
2025-03-31T15:14:35.655+03:00  INFO 22032 --- [main] w.s.c.ServletWebServerApplicationContext : Root WebApplicationContext: initialization completed in 1021 ms
2025-03-31T15:14:35.887+03:00  INFO 22032 --- [main] org.mongodb.driver.client                : MongoClient with metadata {"driver": {"name": "mongo-java-driver|sync|spring-boot", "version": "5.0.1"}, "os": {"type": "Windows", "name": "Windows 11", "architecture": "amd64", "version": "10.0"}, "platform": "Java/Oracle Corporation/17.0.2+8-LTS-86"} created with settings MongoClientSettings{readPreference=primary, writeConcern=WriteConcern{w=null, wTimeout=null ms, journal=null}, retryWrites=true, retryReads=true, readConcern=ReadConcern{level=null}, credential=null, transportSettings=null, commandListeners=[io.micrometer.core.instrument.binder.mongodb.MongoMetricsCommandListener@64440065], codecRegistry=ProvidersCodecRegistry{codecProviders=[ValueCodecProvider{}, BsonValueCodecProvider{}, DBRefCodecProvider{}, DBObjectCodecProvider{}, DocumentCodecProvider{}, CollectionCodecProvider{}, IterableCodecProvider{}, MapCodecProvider{}, GeoJsonCodecProvider{}, GridFSFileCodecProvider{}, Jsr310CodecProvider{}, JsonObjectCodecProvider{}, BsonCodecProvider{}, EnumCodecProvider{}, com.mongodb.client.model.mql.ExpressionCodecProvider@4aa22cc2, com.mongodb.Jep395RecordCodecProvider@2049e582, com.mongodb.KotlinCodecProvider@464aeb09]}, loggerSettings=LoggerSettings{maxDocumentLength=1000}, clusterSettings={hosts=[localhost:27017], srvServiceName=mongodb, mode=SINGLE, requiredClusterType=UNKNOWN, requiredReplicaSetName='null', serverSelector='null', clusterListeners='[]', serverSelectionTimeout='30000 ms', localThreshold='15 ms'}, socketSettings=SocketSettings{connectTimeoutMS=10000, readTimeoutMS=0, receiveBufferSize=0, proxySettings=ProxySettings{host=null, port=null, username=null, password=null}}, heartbeatSocketSettings=SocketSettings{connectTimeoutMS=10000, readTimeoutMS=10000, receiveBufferSize=0, proxySettings=ProxySettings{host=null, port=null, username=null, password=null}}, connectionPoolSettings=ConnectionPoolSettings{maxSize=100, minSize=0, maxWaitTimeMS=120000, maxConnectionLifeTimeMS=0, maxConnectionIdleTimeMS=0, maintenanceInitialDelayMS=0, maintenanceFrequencyMS=60000, connectionPoolListeners=[io.micrometer.core.instrument.binder.mongodb.MongoMetricsConnectionPoolListener@2c99c8d], maxConnecting=2}, serverSettings=ServerSettings{heartbeatFrequencyMS=10000, minHeartbeatFrequencyMS=500, serverListeners='[]', serverMonitorListeners='[]'}, sslSettings=SslSettings{enabled=false, invalidHostNameAllowed=false, context=null}, applicationName='null', compressorList=[], uuidRepresentation=JAVA_LEGACY, serverApi=null, autoEncryptionSettings=null, dnsClient=null, inetAddressResolver=null, contextProvider=null}
2025-03-31T15:14:35.893+03:00  INFO 22032 --- [cluster-ClusterId{value='67ea872b00d38b6a1d9a92b8', description='null'}-localhost:27017] org.mongodb.driver.cluster               : Monitor thread successfully connected to server with description ServerDescription{address=localhost:27017, type=STANDALONE, state=CONNECTED, ok=true, minWireVersion=0, maxWireVersion=21, maxDocumentSize=16777216, logicalSessionTimeoutMinutes=30, roundTripTimeNanos=14195100}
2025-03-31T15:14:36.366+03:00  INFO 22032 --- [main] r$InitializeUserDetailsManagerConfigurer : Global AuthenticationManager configured with UserDetailsService bean with name userDetailsServiceImpl
2025-03-31T15:14:36.496+03:00  INFO 22032 --- [main] o.s.b.a.e.web.EndpointLinksResolver      : Exposing 3 endpoints beneath base path '/actuator'
2025-03-31T15:14:36.919+03:00  INFO 22032 --- [main] o.s.b.w.embedded.tomcat.TomcatWebServer  : Tomcat started on port 8080 (http) with context path '/'
2025-03-31T15:14:36.935+03:00  INFO 22032 --- [main] ru.otus.hw.Application                   : Started Application in 2.842 seconds (process running for 3.379)
2025-03-31T15:14:36.988+03:00  INFO 22032 --- [main] c.g.c.m.d.core.lock.DefaultLockManager   : Mongock trying to acquire the lock
2025-03-31T15:14:37.001+03:00  INFO 22032 --- [main] c.g.c.m.d.core.lock.DefaultLockManager   : Mongock acquired the lock until: Mon Mar 31 15:17:36 MSK 2025
2025-03-31T15:14:37.002+03:00  INFO 22032 --- [main] c.g.c.m.r.c.executor.MigrationExecutor   : Mongock starting the data migration sequence id[2025-03-31T15:14:37.002563900-365]...
2025-03-31T15:14:37.010+03:00  INFO 22032 --- [main] c.g.c.m.r.c.executor.MigrationExecutor   : method[dropDB] with arguments: [com.github.cloudyrock.mongock.driver.mongodb.sync.v4.decorator.impl.MongoDataBaseDecoratorImpl]
2025-03-31T15:14:37.014+03:00  INFO 22032 --- [main] c.g.c.m.r.c.executor.MigrationExecutor   : APPLIED - ChangeEntry{, "id"="dropDB", "author"="olgapima", "class"="InitMongoDBDataChangeLog", "method"="dropDB"}
2025-03-31T15:14:37.047+03:00  INFO 22032 --- [main] c.g.c.m.r.c.executor.MigrationExecutor   : method[initAuthors] with arguments: [jdk.proxy2.$Proxy131]
2025-03-31T15:14:37.072+03:00  INFO 22032 --- [main] c.g.c.m.r.c.executor.MigrationExecutor   : APPLIED - ChangeEntry{, "id"="initAuthors", "author"="olgapima", "class"="InitMongoDBDataChangeLog", "method"="initAuthors"}
2025-03-31T15:14:37.075+03:00  INFO 22032 --- [main] c.g.c.m.r.c.executor.MigrationExecutor   : method[initGenres] with arguments: [jdk.proxy2.$Proxy132]
2025-03-31T15:14:37.089+03:00  INFO 22032 --- [main] c.g.c.m.r.c.executor.MigrationExecutor   : APPLIED - ChangeEntry{, "id"="initGenres", "author"="olgapima", "class"="InitMongoDBDataChangeLog", "method"="initGenres"}
2025-03-31T15:14:37.092+03:00  INFO 22032 --- [main] c.g.c.m.r.c.executor.MigrationExecutor   : method[initBooks] with arguments: [jdk.proxy2.$Proxy133]
2025-03-31T15:14:37.108+03:00  INFO 22032 --- [main] c.g.c.m.r.c.executor.MigrationExecutor   : APPLIED - ChangeEntry{, "id"="initBooks", "author"="olgapima", "class"="InitMongoDBDataChangeLog", "method"="initBooks"}
2025-03-31T15:14:37.111+03:00  INFO 22032 --- [main] c.g.c.m.r.c.executor.MigrationExecutor   : method[initComments] with arguments: [jdk.proxy2.$Proxy134]
2025-03-31T15:14:37.128+03:00  INFO 22032 --- [main] c.g.c.m.r.c.executor.MigrationExecutor   : APPLIED - ChangeEntry{, "id"="initComments", "author"="olgapima", "class"="InitMongoDBDataChangeLog", "method"="initComments"}
2025-03-31T15:14:37.135+03:00  INFO 22032 --- [main] c.g.c.m.r.c.executor.MigrationExecutor   : method[initUsers] with arguments: [jdk.proxy2.$Proxy135, jdk.proxy2.$Proxy136]
2025-03-31T15:14:37.286+03:00  INFO 22032 --- [main] c.g.c.m.r.c.executor.MigrationExecutor   : APPLIED - ChangeEntry{, "id"="initUsers", "author"="olgapima", "class"="InitMongoDBDataChangeLog", "method"="initUsers"}
2025-03-31T15:14:37.288+03:00  INFO 22032 --- [main] c.g.c.m.d.core.lock.DefaultLockManager   : Mongock releasing the lock
2025-03-31T15:14:37.291+03:00  INFO 22032 --- [main] c.g.c.m.d.core.lock.DefaultLockManager   : Mongock released the lock
2025-03-31T15:14:37.291+03:00  INFO 22032 --- [main] c.g.c.m.r.c.executor.MigrationExecutor   : Mongock has finished
2025-03-31T15:14:43.614+03:00  INFO 22032 --- [http-nio-8080-exec-1] o.a.c.c.C.[Tomcat].[localhost].[/]       : Initializing Spring DispatcherServlet 'dispatcherServlet'
2025-03-31T15:14:43.614+03:00  INFO 22032 --- [http-nio-8080-exec-1] o.s.web.servlet.DispatcherServlet        : Initializing Servlet 'dispatcherServlet'
2025-03-31T15:14:43.615+03:00  INFO 22032 --- [http-nio-8080-exec-1] o.s.web.servlet.DispatcherServlet        : Completed initialization in 1 ms
2025-03-31T15:18:03.535+03:00  INFO 41560 --- [main] ru.otus.hw.Application                   : Starting Application using Java 17.0.2 with PID 41560 (C:\Мои документы\_Учеба\_Otus\2023-09-otus-spring-Monastyrskaya\hw16-actuator\target\classes started by olgap in C:\Мои документы\_Учеба\_Otus\2023-09-otus-spring-Monastyrskaya\hw16-actuator)
2025-03-31T15:18:03.537+03:00  INFO 41560 --- [main] ru.otus.hw.Application                   : No active profile set, falling back to 1 default profile: "default"
2025-03-31T15:18:04.260+03:00  INFO 41560 --- [main] .s.d.r.c.RepositoryConfigurationDelegate : Bootstrapping Spring Data MongoDB repositories in DEFAULT mode.
2025-03-31T15:18:04.307+03:00  INFO 41560 --- [main] .s.d.r.c.RepositoryConfigurationDelegate : Finished Spring Data repository scanning in 43 ms. Found 5 MongoDB repository interfaces.
2025-03-31T15:18:04.634+03:00  INFO 41560 --- [main] o.s.b.w.embedded.tomcat.TomcatWebServer  : Tomcat initialized with port 8080 (http)
2025-03-31T15:18:04.646+03:00  INFO 41560 --- [main] o.apache.catalina.core.StandardService   : Starting service [Tomcat]
2025-03-31T15:18:04.646+03:00  INFO 41560 --- [main] o.apache.catalina.core.StandardEngine    : Starting Servlet engine: [Apache Tomcat/10.1.26]
2025-03-31T15:18:04.684+03:00  INFO 41560 --- [main] o.a.c.c.C.[Tomcat].[localhost].[/]       : Initializing Spring embedded WebApplicationContext
2025-03-31T15:18:04.685+03:00  INFO 41560 --- [main] w.s.c.ServletWebServerApplicationContext : Root WebApplicationContext: initialization completed in 1045 ms
2025-03-31T15:18:04.915+03:00  INFO 41560 --- [main] org.mongodb.driver.client                : MongoClient with metadata {"driver": {"name": "mongo-java-driver|sync|spring-boot", "version": "5.0.1"}, "os": {"type": "Windows", "name": "Windows 11", "architecture": "amd64", "version": "10.0"}, "platform": "Java/Oracle Corporation/17.0.2+8-LTS-86"} created with settings MongoClientSettings{readPreference=primary, writeConcern=WriteConcern{w=null, wTimeout=null ms, journal=null}, retryWrites=true, retryReads=true, readConcern=ReadConcern{level=null}, credential=null, transportSettings=null, commandListeners=[io.micrometer.core.instrument.binder.mongodb.MongoMetricsCommandListener@13004dd8], codecRegistry=ProvidersCodecRegistry{codecProviders=[ValueCodecProvider{}, BsonValueCodecProvider{}, DBRefCodecProvider{}, DBObjectCodecProvider{}, DocumentCodecProvider{}, CollectionCodecProvider{}, IterableCodecProvider{}, MapCodecProvider{}, GeoJsonCodecProvider{}, GridFSFileCodecProvider{}, Jsr310CodecProvider{}, JsonObjectCodecProvider{}, BsonCodecProvider{}, EnumCodecProvider{}, com.mongodb.client.model.mql.ExpressionCodecProvider@4fc6e776, com.mongodb.Jep395RecordCodecProvider@65d9e72a, com.mongodb.KotlinCodecProvider@1f7e52d1]}, loggerSettings=LoggerSettings{maxDocumentLength=1000}, clusterSettings={hosts=[localhost:27017], srvServiceName=mongodb, mode=SINGLE, requiredClusterType=UNKNOWN, requiredReplicaSetName='null', serverSelector='null', clusterListeners='[]', serverSelectionTimeout='30000 ms', localThreshold='15 ms'}, socketSettings=SocketSettings{connectTimeoutMS=10000, readTimeoutMS=0, receiveBufferSize=0, proxySettings=ProxySettings{host=null, port=null, username=null, password=null}}, heartbeatSocketSettings=SocketSettings{connectTimeoutMS=10000, readTimeoutMS=10000, receiveBufferSize=0, proxySettings=ProxySettings{host=null, port=null, username=null, password=null}}, connectionPoolSettings=ConnectionPoolSettings{maxSize=100, minSize=0, maxWaitTimeMS=120000, maxConnectionLifeTimeMS=0, maxConnectionIdleTimeMS=0, maintenanceInitialDelayMS=0, maintenanceFrequencyMS=60000, connectionPoolListeners=[io.micrometer.core.instrument.binder.mongodb.MongoMetricsConnectionPoolListener@e01a26b], maxConnecting=2}, serverSettings=ServerSettings{heartbeatFrequencyMS=10000, minHeartbeatFrequencyMS=500, serverListeners='[]', serverMonitorListeners='[]'}, sslSettings=SslSettings{enabled=false, invalidHostNameAllowed=false, context=null}, applicationName='null', compressorList=[], uuidRepresentation=JAVA_LEGACY, serverApi=null, autoEncryptionSettings=null, dnsClient=null, inetAddressResolver=null, contextProvider=null}
2025-03-31T15:18:04.922+03:00  INFO 41560 --- [cluster-ClusterId{value='67ea87fcb1b17e3b3a3b9453', description='null'}-localhost:27017] org.mongodb.driver.cluster               : Monitor thread successfully connected to server with description ServerDescription{address=localhost:27017, type=STANDALONE, state=CONNECTED, ok=true, minWireVersion=0, maxWireVersion=21, maxDocumentSize=16777216, logicalSessionTimeoutMinutes=30, roundTripTimeNanos=12966000}
2025-03-31T15:18:05.400+03:00  INFO 41560 --- [main] r$InitializeUserDetailsManagerConfigurer : Global AuthenticationManager configured with UserDetailsService bean with name userDetailsServiceImpl
2025-03-31T15:18:05.504+03:00  INFO 41560 --- [main] o.s.b.a.e.web.EndpointLinksResolver      : Exposing 3 endpoints beneath base path '/actuator'
2025-03-31T15:18:05.919+03:00  INFO 41560 --- [main] o.s.b.w.embedded.tomcat.TomcatWebServer  : Tomcat started on port 8080 (http) with context path '/'
2025-03-31T15:18:05.930+03:00  INFO 41560 --- [main] ru.otus.hw.Application                   : Started Application in 2.743 seconds (process running for 3.288)
2025-03-31T15:18:05.967+03:00  INFO 41560 --- [main] c.g.c.m.d.core.lock.DefaultLockManager   : Mongock trying to acquire the lock
2025-03-31T15:18:05.980+03:00  INFO 41560 --- [main] c.g.c.m.d.core.lock.DefaultLockManager   : Mongock acquired the lock until: Mon Mar 31 15:21:05 MSK 2025
2025-03-31T15:18:05.981+03:00  INFO 41560 --- [main] c.g.c.m.r.c.executor.MigrationExecutor   : Mongock starting the data migration sequence id[2025-03-31T15:18:05.981067900-450]...
2025-03-31T15:18:05.987+03:00  INFO 41560 --- [main] c.g.c.m.r.c.executor.MigrationExecutor   : method[dropDB] with arguments: [com.github.cloudyrock.mongock.driver.mongodb.sync.v4.decorator.impl.MongoDataBaseDecoratorImpl]
2025-03-31T15:18:05.991+03:00  INFO 41560 --- [main] c.g.c.m.r.c.executor.MigrationExecutor   : RE-APPLIED - ChangeEntry{, "id"="dropDB", "author"="olgapima", "class"="InitMongoDBDataChangeLog", "method"="dropDB"}
2025-03-31T15:18:05.994+03:00  INFO 41560 --- [main] c.g.c.m.r.c.executor.MigrationExecutor   : method[initAuthors] with arguments: [jdk.proxy2.$Proxy131]
2025-03-31T15:18:06.027+03:00  INFO 41560 --- [main] c.g.c.m.r.c.executor.MigrationExecutor   : APPLIED - ChangeEntry{, "id"="initAuthors", "author"="olgapima", "class"="InitMongoDBDataChangeLog", "method"="initAuthors"}
2025-03-31T15:18:06.047+03:00  INFO 41560 --- [main] c.g.c.m.r.c.executor.MigrationExecutor   : method[initGenres] with arguments: [jdk.proxy2.$Proxy132]
2025-03-31T15:18:06.062+03:00  INFO 41560 --- [main] c.g.c.m.r.c.executor.MigrationExecutor   : APPLIED - ChangeEntry{, "id"="initGenres", "author"="olgapima", "class"="InitMongoDBDataChangeLog", "method"="initGenres"}
2025-03-31T15:18:06.065+03:00  INFO 41560 --- [main] c.g.c.m.r.c.executor.MigrationExecutor   : method[initComments] with arguments: [jdk.proxy2.$Proxy133]
2025-03-31T15:18:06.080+03:00  INFO 41560 --- [main] c.g.c.m.r.c.executor.MigrationExecutor   : APPLIED - ChangeEntry{, "id"="initComments", "author"="olgapima", "class"="InitMongoDBDataChangeLog", "method"="initComments"}
2025-03-31T15:18:06.085+03:00  INFO 41560 --- [main] c.g.c.m.r.c.executor.MigrationExecutor   : method[initUsers] with arguments: [jdk.proxy2.$Proxy134, jdk.proxy2.$Proxy135]
2025-03-31T15:18:06.240+03:00  INFO 41560 --- [main] c.g.c.m.r.c.executor.MigrationExecutor   : APPLIED - ChangeEntry{, "id"="initUsers", "author"="olgapima", "class"="InitMongoDBDataChangeLog", "method"="initUsers"}
2025-03-31T15:18:06.243+03:00  INFO 41560 --- [main] c.g.c.m.d.core.lock.DefaultLockManager   : Mongock releasing the lock
2025-03-31T15:18:06.246+03:00  INFO 41560 --- [main] c.g.c.m.d.core.lock.DefaultLockManager   : Mongock released the lock
2025-03-31T15:18:06.246+03:00  INFO 41560 --- [main] c.g.c.m.r.c.executor.MigrationExecutor   : Mongock has finished
2025-03-31T15:18:51.784+03:00  INFO 41560 --- [http-nio-8080-exec-1] o.a.c.c.C.[Tomcat].[localhost].[/]       : Initializing Spring DispatcherServlet 'dispatcherServlet'
2025-03-31T15:18:51.785+03:00  INFO 41560 --- [http-nio-8080-exec-1] o.s.web.servlet.DispatcherServlet        : Initializing Servlet 'dispatcherServlet'
2025-03-31T15:18:51.788+03:00  INFO 41560 --- [http-nio-8080-exec-1] o.s.web.servlet.DispatcherServlet        : Completed initialization in 3 ms
2025-03-31T15:20:03.429+03:00  INFO 11084 --- [main] ru.otus.hw.Application                   : Starting Application using Java 17.0.2 with PID 11084 (C:\Мои документы\_Учеба\_Otus\2023-09-otus-spring-Monastyrskaya\hw16-actuator\target\classes started by olgap in C:\Мои документы\_Учеба\_Otus\2023-09-otus-spring-Monastyrskaya\hw16-actuator)
2025-03-31T15:20:03.431+03:00  INFO 11084 --- [main] ru.otus.hw.Application                   : No active profile set, falling back to 1 default profile: "default"
2025-03-31T15:20:04.210+03:00  INFO 11084 --- [main] .s.d.r.c.RepositoryConfigurationDelegate : Bootstrapping Spring Data MongoDB repositories in DEFAULT mode.
2025-03-31T15:20:04.263+03:00  INFO 11084 --- [main] .s.d.r.c.RepositoryConfigurationDelegate : Finished Spring Data repository scanning in 48 ms. Found 5 MongoDB repository interfaces.
2025-03-31T15:20:04.635+03:00  INFO 11084 --- [main] o.s.b.w.embedded.tomcat.TomcatWebServer  : Tomcat initialized with port 8080 (http)
2025-03-31T15:20:04.644+03:00  INFO 11084 --- [main] o.apache.catalina.core.StandardService   : Starting service [Tomcat]
2025-03-31T15:20:04.644+03:00  INFO 11084 --- [main] o.apache.catalina.core.StandardEngine    : Starting Servlet engine: [Apache Tomcat/10.1.26]
2025-03-31T15:20:04.702+03:00  INFO 11084 --- [main] o.a.c.c.C.[Tomcat].[localhost].[/]       : Initializing Spring embedded WebApplicationContext
2025-03-31T15:20:04.703+03:00  INFO 11084 --- [main] w.s.c.ServletWebServerApplicationContext : Root WebApplicationContext: initialization completed in 1162 ms
2025-03-31T15:20:05.044+03:00  INFO 11084 --- [main] org.mongodb.driver.client                : MongoClient with metadata {"driver": {"name": "mongo-java-driver|sync|spring-boot", "version": "5.0.1"}, "os": {"type": "Windows", "name": "Windows 11", "architecture": "amd64", "version": "10.0"}, "platform": "Java/Oracle Corporation/17.0.2+8-LTS-86"} created with settings MongoClientSettings{readPreference=primary, writeConcern=WriteConcern{w=null, wTimeout=null ms, journal=null}, retryWrites=true, retryReads=true, readConcern=ReadConcern{level=null}, credential=null, transportSettings=null, commandListeners=[io.micrometer.core.instrument.binder.mongodb.MongoMetricsCommandListener@13004dd8], codecRegistry=ProvidersCodecRegistry{codecProviders=[ValueCodecProvider{}, BsonValueCodecProvider{}, DBRefCodecProvider{}, DBObjectCodecProvider{}, DocumentCodecProvider{}, CollectionCodecProvider{}, IterableCodecProvider{}, MapCodecProvider{}, GeoJsonCodecProvider{}, GridFSFileCodecProvider{}, Jsr310CodecProvider{}, JsonObjectCodecProvider{}, BsonCodecProvider{}, EnumCodecProvider{}, com.mongodb.client.model.mql.ExpressionCodecProvider@4fc6e776, com.mongodb.Jep395RecordCodecProvider@65d9e72a, com.mongodb.KotlinCodecProvider@1f7e52d1]}, loggerSettings=LoggerSettings{maxDocumentLength=1000}, clusterSettings={hosts=[localhost:27017], srvServiceName=mongodb, mode=SINGLE, requiredClusterType=UNKNOWN, requiredReplicaSetName='null', serverSelector='null', clusterListeners='[]', serverSelectionTimeout='30000 ms', localThreshold='15 ms'}, socketSettings=SocketSettings{connectTimeoutMS=10000, readTimeoutMS=0, receiveBufferSize=0, proxySettings=ProxySettings{host=null, port=null, username=null, password=null}}, heartbeatSocketSettings=SocketSettings{connectTimeoutMS=10000, readTimeoutMS=10000, receiveBufferSize=0, proxySettings=ProxySettings{host=null, port=null, username=null, password=null}}, connectionPoolSettings=ConnectionPoolSettings{maxSize=100, minSize=0, maxWaitTimeMS=120000, maxConnectionLifeTimeMS=0, maxConnectionIdleTimeMS=0, maintenanceInitialDelayMS=0, maintenanceFrequencyMS=60000, connectionPoolListeners=[io.micrometer.core.instrument.binder.mongodb.MongoMetricsConnectionPoolListener@e01a26b], maxConnecting=2}, serverSettings=ServerSettings{heartbeatFrequencyMS=10000, minHeartbeatFrequencyMS=500, serverListeners='[]', serverMonitorListeners='[]'}, sslSettings=SslSettings{enabled=false, invalidHostNameAllowed=false, context=null}, applicationName='null', compressorList=[], uuidRepresentation=JAVA_LEGACY, serverApi=null, autoEncryptionSettings=null, dnsClient=null, inetAddressResolver=null, contextProvider=null}
2025-03-31T15:20:05.052+03:00  INFO 11084 --- [cluster-ClusterId{value='67ea8874576a5c50210b2046', description='null'}-localhost:27017] org.mongodb.driver.cluster               : Monitor thread successfully connected to server with description ServerDescription{address=localhost:27017, type=STANDALONE, state=CONNECTED, ok=true, minWireVersion=0, maxWireVersion=21, maxDocumentSize=16777216, logicalSessionTimeoutMinutes=30, roundTripTimeNanos=15960700}
2025-03-31T15:20:05.554+03:00  INFO 11084 --- [main] r$InitializeUserDetailsManagerConfigurer : Global AuthenticationManager configured with UserDetailsService bean with name userDetailsServiceImpl
2025-03-31T15:20:05.669+03:00  INFO 11084 --- [main] o.s.b.a.e.web.EndpointLinksResolver      : Exposing 3 endpoints beneath base path '/actuator'
2025-03-31T15:20:06.096+03:00  INFO 11084 --- [main] o.s.b.w.embedded.tomcat.TomcatWebServer  : Tomcat started on port 8080 (http) with context path '/'
2025-03-31T15:20:06.107+03:00  INFO 11084 --- [main] ru.otus.hw.Application                   : Started Application in 3.07 seconds (process running for 3.724)
2025-03-31T15:20:06.147+03:00  INFO 11084 --- [main] c.g.c.m.d.core.lock.DefaultLockManager   : Mongock trying to acquire the lock
2025-03-31T15:20:06.162+03:00  INFO 11084 --- [main] c.g.c.m.d.core.lock.DefaultLockManager   : Mongock acquired the lock until: Mon Mar 31 15:23:06 MSK 2025
2025-03-31T15:20:06.164+03:00  INFO 11084 --- [main] c.g.c.m.r.c.executor.MigrationExecutor   : Mongock starting the data migration sequence id[2025-03-31T15:20:06.164061200-798]...
2025-03-31T15:20:06.171+03:00  INFO 11084 --- [main] c.g.c.m.r.c.executor.MigrationExecutor   : method[dropDB] with arguments: [com.github.cloudyrock.mongock.driver.mongodb.sync.v4.decorator.impl.MongoDataBaseDecoratorImpl]
2025-03-31T15:20:06.176+03:00  INFO 11084 --- [main] c.g.c.m.r.c.executor.MigrationExecutor   : APPLIED - ChangeEntry{, "id"="dropDB", "author"="olgapima", "class"="InitMongoDBDataChangeLog", "method"="dropDB"}
2025-03-31T15:20:06.210+03:00  INFO 11084 --- [main] c.g.c.m.r.c.executor.MigrationExecutor   : method[initAuthors] with arguments: [jdk.proxy2.$Proxy131]
2025-03-31T15:20:06.235+03:00  INFO 11084 --- [main] c.g.c.m.r.c.executor.MigrationExecutor   : APPLIED - ChangeEntry{, "id"="initAuthors", "author"="olgapima", "class"="InitMongoDBDataChangeLog", "method"="initAuthors"}
2025-03-31T15:20:06.239+03:00  INFO 11084 --- [main] c.g.c.m.r.c.executor.MigrationExecutor   : method[initGenres] with arguments: [jdk.proxy2.$Proxy132]
2025-03-31T15:20:06.252+03:00  INFO 11084 --- [main] c.g.c.m.r.c.executor.MigrationExecutor   : APPLIED - ChangeEntry{, "id"="initGenres", "author"="olgapima", "class"="InitMongoDBDataChangeLog", "method"="initGenres"}
2025-03-31T15:20:06.255+03:00  INFO 11084 --- [main] c.g.c.m.r.c.executor.MigrationExecutor   : method[initBooks] with arguments: [jdk.proxy2.$Proxy133]
2025-03-31T15:20:06.273+03:00  INFO 11084 --- [main] c.g.c.m.r.c.executor.MigrationExecutor   : APPLIED - ChangeEntry{, "id"="initBooks", "author"="olgapima", "class"="InitMongoDBDataChangeLog", "method"="initBooks"}
2025-03-31T15:20:06.276+03:00  INFO 11084 --- [main] c.g.c.m.r.c.executor.MigrationExecutor   : method[initComments] with arguments: [jdk.proxy2.$Proxy134]
2025-03-31T15:20:06.291+03:00  INFO 11084 --- [main] c.g.c.m.r.c.executor.MigrationExecutor   : APPLIED - ChangeEntry{, "id"="initComments", "author"="olgapima", "class"="InitMongoDBDataChangeLog", "method"="initComments"}
2025-03-31T15:20:06.294+03:00  INFO 11084 --- [main] c.g.c.m.r.c.executor.MigrationExecutor   : method[initUsers] with arguments: [jdk.proxy2.$Proxy135, jdk.proxy2.$Proxy136]
2025-03-31T15:20:06.443+03:00  INFO 11084 --- [main] c.g.c.m.r.c.executor.MigrationExecutor   : APPLIED - ChangeEntry{, "id"="initUsers", "author"="olgapima", "class"="InitMongoDBDataChangeLog", "method"="initUsers"}
2025-03-31T15:20:06.445+03:00  INFO 11084 --- [main] c.g.c.m.d.core.lock.DefaultLockManager   : Mongock releasing the lock
2025-03-31T15:20:06.447+03:00  INFO 11084 --- [main] c.g.c.m.d.core.lock.DefaultLockManager   : Mongock released the lock
2025-03-31T15:20:06.447+03:00  INFO 11084 --- [main] c.g.c.m.r.c.executor.MigrationExecutor   : Mongock has finished
2025-03-31T15:20:39.408+03:00  INFO 11084 --- [http-nio-8080-exec-1] o.a.c.c.C.[Tomcat].[localhost].[/]       : Initializing Spring DispatcherServlet 'dispatcherServlet'
2025-03-31T15:20:39.410+03:00  INFO 11084 --- [http-nio-8080-exec-1] o.s.web.servlet.DispatcherServlet        : Initializing Servlet 'dispatcherServlet'
2025-03-31T15:20:39.413+03:00  INFO 11084 --- [http-nio-8080-exec-1] o.s.web.servlet.DispatcherServlet        : Completed initialization in 3 ms
2025-03-31T19:19:25.186+03:00  INFO 11084 --- [cluster-ClusterId{value='67ea8874576a5c50210b2046', description='null'}-localhost:27017] org.mongodb.driver.cluster               : Exception in monitor thread while connecting to server localhost:27017

com.mongodb.MongoSocketReadTimeoutException: Timeout while receiving message
	at com.mongodb.internal.connection.InternalStreamConnection.translateReadException(InternalStreamConnection.java:705) ~[mongodb-driver-core-5.0.1.jar:na]
	at com.mongodb.internal.connection.InternalStreamConnection.receiveMessageWithAdditionalTimeout(InternalStreamConnection.java:583) ~[mongodb-driver-core-5.0.1.jar:na]
	at com.mongodb.internal.connection.InternalStreamConnection.receiveCommandMessageResponse(InternalStreamConnection.java:428) ~[mongodb-driver-core-5.0.1.jar:na]
	at com.mongodb.internal.connection.InternalStreamConnection.receive(InternalStreamConnection.java:381) ~[mongodb-driver-core-5.0.1.jar:na]
	at com.mongodb.internal.connection.DefaultServerMonitor$ServerMonitorRunnable.lookupServerDescription(DefaultServerMonitor.java:221) ~[mongodb-driver-core-5.0.1.jar:na]
	at com.mongodb.internal.connection.DefaultServerMonitor$ServerMonitorRunnable.run(DefaultServerMonitor.java:153) ~[mongodb-driver-core-5.0.1.jar:na]
	at java.base/java.lang.Thread.run(Thread.java:833) ~[na:na]
Caused by: java.net.SocketTimeoutException: Read timed out
	at java.base/sun.nio.ch.NioSocketImpl.timedRead(NioSocketImpl.java:283) ~[na:na]
	at java.base/sun.nio.ch.NioSocketImpl.implRead(NioSocketImpl.java:309) ~[na:na]
	at java.base/sun.nio.ch.NioSocketImpl.read(NioSocketImpl.java:350) ~[na:na]
	at java.base/sun.nio.ch.NioSocketImpl$1.read(NioSocketImpl.java:803) ~[na:na]
	at java.base/java.net.Socket$SocketInputStream.read(Socket.java:966) ~[na:na]
	at com.mongodb.internal.connection.SocketStream.read(SocketStream.java:176) ~[mongodb-driver-core-5.0.1.jar:na]
	at com.mongodb.internal.connection.SocketStream.read(SocketStream.java:196) ~[mongodb-driver-core-5.0.1.jar:na]
	at com.mongodb.internal.connection.InternalStreamConnection.receiveResponseBuffers(InternalStreamConnection.java:716) ~[mongodb-driver-core-5.0.1.jar:na]
	at com.mongodb.internal.connection.InternalStreamConnection.receiveMessageWithAdditionalTimeout(InternalStreamConnection.java:580) ~[mongodb-driver-core-5.0.1.jar:na]
	... 5 common frames omitted

2025-03-31T19:19:27.629+03:00  INFO 11084 --- [cluster-ClusterId{value='67ea8874576a5c50210b2046', description='null'}-localhost:27017] org.mongodb.driver.cluster               : Monitor thread successfully connected to server with description ServerDescription{address=localhost:27017, type=STANDALONE, state=CONNECTED, ok=true, minWireVersion=0, maxWireVersion=21, maxDocumentSize=16777216, logicalSessionTimeoutMinutes=30, roundTripTimeNanos=405276500}
2025-03-31T19:22:53.727+03:00  INFO 46968 --- [main] ru.otus.hw.Application                   : Starting Application using Java 17.0.2 with PID 46968 (C:\Мои документы\_Учеба\_Otus\2023-09-otus-spring-Monastyrskaya\hw16-actuator\target\classes started by olgap in C:\Мои документы\_Учеба\_Otus\2023-09-otus-spring-Monastyrskaya\hw16-actuator)
2025-03-31T19:22:53.728+03:00  INFO 46968 --- [main] ru.otus.hw.Application                   : No active profile set, falling back to 1 default profile: "default"
2025-03-31T19:22:54.532+03:00  INFO 46968 --- [main] .s.d.r.c.RepositoryConfigurationDelegate : Bootstrapping Spring Data MongoDB repositories in DEFAULT mode.
2025-03-31T19:22:54.579+03:00  INFO 46968 --- [main] .s.d.r.c.RepositoryConfigurationDelegate : Finished Spring Data repository scanning in 42 ms. Found 5 MongoDB repository interfaces.
2025-03-31T19:22:54.943+03:00  INFO 46968 --- [main] o.s.b.w.embedded.tomcat.TomcatWebServer  : Tomcat initialized with port 8080 (http)
2025-03-31T19:22:54.952+03:00  INFO 46968 --- [main] o.apache.catalina.core.StandardService   : Starting service [Tomcat]
2025-03-31T19:22:54.952+03:00  INFO 46968 --- [main] o.apache.catalina.core.StandardEngine    : Starting Servlet engine: [Apache Tomcat/10.1.26]
2025-03-31T19:22:54.995+03:00  INFO 46968 --- [main] o.a.c.c.C.[Tomcat].[localhost].[/]       : Initializing Spring embedded WebApplicationContext
2025-03-31T19:22:54.995+03:00  INFO 46968 --- [main] w.s.c.ServletWebServerApplicationContext : Root WebApplicationContext: initialization completed in 1166 ms
2025-03-31T19:22:55.230+03:00  INFO 46968 --- [main] org.mongodb.driver.client                : MongoClient with metadata {"driver": {"name": "mongo-java-driver|sync|spring-boot", "version": "5.0.1"}, "os": {"type": "Windows", "name": "Windows 11", "architecture": "amd64", "version": "10.0"}, "platform": "Java/Oracle Corporation/17.0.2+8-LTS-86"} created with settings MongoClientSettings{readPreference=primary, writeConcern=WriteConcern{w=null, wTimeout=null ms, journal=null}, retryWrites=true, retryReads=true, readConcern=ReadConcern{level=null}, credential=null, transportSettings=null, commandListeners=[io.micrometer.core.instrument.binder.mongodb.MongoMetricsCommandListener@5873f3f0], codecRegistry=ProvidersCodecRegistry{codecProviders=[ValueCodecProvider{}, BsonValueCodecProvider{}, DBRefCodecProvider{}, DBObjectCodecProvider{}, DocumentCodecProvider{}, CollectionCodecProvider{}, IterableCodecProvider{}, MapCodecProvider{}, GeoJsonCodecProvider{}, GridFSFileCodecProvider{}, Jsr310CodecProvider{}, JsonObjectCodecProvider{}, BsonCodecProvider{}, EnumCodecProvider{}, com.mongodb.client.model.mql.ExpressionCodecProvider@684372d0, com.mongodb.Jep395RecordCodecProvider@63dda940, com.mongodb.KotlinCodecProvider@41f964f9]}, loggerSettings=LoggerSettings{maxDocumentLength=1000}, clusterSettings={hosts=[localhost:27017], srvServiceName=mongodb, mode=SINGLE, requiredClusterType=UNKNOWN, requiredReplicaSetName='null', serverSelector='null', clusterListeners='[]', serverSelectionTimeout='30000 ms', localThreshold='15 ms'}, socketSettings=SocketSettings{connectTimeoutMS=10000, readTimeoutMS=0, receiveBufferSize=0, proxySettings=ProxySettings{host=null, port=null, username=null, password=null}}, heartbeatSocketSettings=SocketSettings{connectTimeoutMS=10000, readTimeoutMS=10000, receiveBufferSize=0, proxySettings=ProxySettings{host=null, port=null, username=null, password=null}}, connectionPoolSettings=ConnectionPoolSettings{maxSize=100, minSize=0, maxWaitTimeMS=120000, maxConnectionLifeTimeMS=0, maxConnectionIdleTimeMS=0, maintenanceInitialDelayMS=0, maintenanceFrequencyMS=60000, connectionPoolListeners=[io.micrometer.core.instrument.binder.mongodb.MongoMetricsConnectionPoolListener@652e345], maxConnecting=2}, serverSettings=ServerSettings{heartbeatFrequencyMS=10000, minHeartbeatFrequencyMS=500, serverListeners='[]', serverMonitorListeners='[]'}, sslSettings=SslSettings{enabled=false, invalidHostNameAllowed=false, context=null}, applicationName='null', compressorList=[], uuidRepresentation=JAVA_LEGACY, serverApi=null, autoEncryptionSettings=null, dnsClient=null, inetAddressResolver=null, contextProvider=null}
2025-03-31T19:22:55.241+03:00  INFO 46968 --- [cluster-ClusterId{value='67eac15f1a3fb878959af813', description='null'}-localhost:27017] org.mongodb.driver.cluster               : Monitor thread successfully connected to server with description ServerDescription{address=localhost:27017, type=STANDALONE, state=CONNECTED, ok=true, minWireVersion=0, maxWireVersion=21, maxDocumentSize=16777216, logicalSessionTimeoutMinutes=30, roundTripTimeNanos=14645700}
2025-03-31T19:22:55.738+03:00  INFO 46968 --- [main] r$InitializeUserDetailsManagerConfigurer : Global AuthenticationManager configured with UserDetailsService bean with name userDetailsServiceImpl
2025-03-31T19:22:55.858+03:00  INFO 46968 --- [main] o.s.b.a.e.web.EndpointLinksResolver      : Exposing 4 endpoints beneath base path '/actuator'
2025-03-31T19:22:56.394+03:00  INFO 46968 --- [main] o.s.b.w.embedded.tomcat.TomcatWebServer  : Tomcat started on port 8080 (http) with context path '/'
2025-03-31T19:22:56.406+03:00  INFO 46968 --- [main] ru.otus.hw.Application                   : Started Application in 3.027 seconds (process running for 3.833)
2025-03-31T19:22:56.454+03:00  INFO 46968 --- [main] c.g.c.m.d.core.lock.DefaultLockManager   : Mongock trying to acquire the lock
2025-03-31T19:22:56.493+03:00  INFO 46968 --- [main] c.g.c.m.d.core.lock.DefaultLockManager   : Mongock acquired the lock until: Mon Mar 31 19:25:56 MSK 2025
2025-03-31T19:22:56.495+03:00  INFO 46968 --- [main] c.g.c.m.r.c.executor.MigrationExecutor   : Mongock starting the data migration sequence id[2025-03-31T19:22:56.494180200-467]...
2025-03-31T19:22:56.510+03:00  INFO 46968 --- [main] c.g.c.m.r.c.executor.MigrationExecutor   : method[dropDB] with arguments: [com.github.cloudyrock.mongock.driver.mongodb.sync.v4.decorator.impl.MongoDataBaseDecoratorImpl]
2025-03-31T19:22:56.516+03:00  INFO 46968 --- [main] c.g.c.m.r.c.executor.MigrationExecutor   : RE-APPLIED - ChangeEntry{, "id"="dropDB", "author"="olgapima", "class"="InitMongoDBDataChangeLog", "method"="dropDB"}
2025-03-31T19:22:56.519+03:00  INFO 46968 --- [main] c.g.c.m.r.c.executor.MigrationExecutor   : method[initAuthors] with arguments: [jdk.proxy2.$Proxy131]
2025-03-31T19:22:56.553+03:00  INFO 46968 --- [main] c.g.c.m.r.c.executor.MigrationExecutor   : APPLIED - ChangeEntry{, "id"="initAuthors", "author"="olgapima", "class"="InitMongoDBDataChangeLog", "method"="initAuthors"}
2025-03-31T19:22:56.575+03:00  INFO 46968 --- [main] c.g.c.m.r.c.executor.MigrationExecutor   : method[initGenres] with arguments: [jdk.proxy2.$Proxy132]
2025-03-31T19:22:56.589+03:00  INFO 46968 --- [main] c.g.c.m.r.c.executor.MigrationExecutor   : APPLIED - ChangeEntry{, "id"="initGenres", "author"="olgapima", "class"="InitMongoDBDataChangeLog", "method"="initGenres"}
2025-03-31T19:22:56.592+03:00  INFO 46968 --- [main] c.g.c.m.r.c.executor.MigrationExecutor   : method[initBooks] with arguments: [jdk.proxy2.$Proxy133]
2025-03-31T19:22:56.609+03:00  INFO 46968 --- [main] c.g.c.m.r.c.executor.MigrationExecutor   : APPLIED - ChangeEntry{, "id"="initBooks", "author"="olgapima", "class"="InitMongoDBDataChangeLog", "method"="initBooks"}
2025-03-31T19:22:56.612+03:00  INFO 46968 --- [main] c.g.c.m.r.c.executor.MigrationExecutor   : method[initComments] with arguments: [jdk.proxy2.$Proxy134]
2025-03-31T19:22:56.630+03:00  INFO 46968 --- [main] c.g.c.m.r.c.executor.MigrationExecutor   : APPLIED - ChangeEntry{, "id"="initComments", "author"="olgapima", "class"="InitMongoDBDataChangeLog", "method"="initComments"}
2025-03-31T19:22:56.634+03:00  INFO 46968 --- [main] c.g.c.m.r.c.executor.MigrationExecutor   : method[initUsers] with arguments: [jdk.proxy2.$Proxy135, jdk.proxy2.$Proxy136]
2025-03-31T19:22:56.785+03:00  INFO 46968 --- [main] c.g.c.m.r.c.executor.MigrationExecutor   : APPLIED - ChangeEntry{, "id"="initUsers", "author"="olgapima", "class"="InitMongoDBDataChangeLog", "method"="initUsers"}
2025-03-31T19:22:56.787+03:00  INFO 46968 --- [main] c.g.c.m.d.core.lock.DefaultLockManager   : Mongock releasing the lock
2025-03-31T19:22:56.790+03:00  INFO 46968 --- [main] c.g.c.m.d.core.lock.DefaultLockManager   : Mongock released the lock
2025-03-31T19:22:56.790+03:00  INFO 46968 --- [main] c.g.c.m.r.c.executor.MigrationExecutor   : Mongock has finished
2025-03-31T19:23:08.081+03:00  INFO 46968 --- [http-nio-8080-exec-1] o.a.c.c.C.[Tomcat].[localhost].[/]       : Initializing Spring DispatcherServlet 'dispatcherServlet'
2025-03-31T19:23:08.082+03:00  INFO 46968 --- [http-nio-8080-exec-1] o.s.web.servlet.DispatcherServlet        : Initializing Servlet 'dispatcherServlet'
2025-03-31T19:23:08.084+03:00  INFO 46968 --- [http-nio-8080-exec-1] o.s.web.servlet.DispatcherServlet        : Completed initialization in 2 ms
2025-03-31T19:28:22.262+03:00  INFO 36484 --- [main] ru.otus.hw.Application                   : Starting Application using Java 17.0.2 with PID 36484 (C:\Мои документы\_Учеба\_Otus\2023-09-otus-spring-Monastyrskaya\hw16-actuator\target\classes started by olgap in C:\Мои документы\_Учеба\_Otus\2023-09-otus-spring-Monastyrskaya\hw16-actuator)
2025-03-31T19:28:22.264+03:00  INFO 36484 --- [main] ru.otus.hw.Application                   : No active profile set, falling back to 1 default profile: "default"
2025-03-31T19:28:22.966+03:00  INFO 36484 --- [main] .s.d.r.c.RepositoryConfigurationDelegate : Bootstrapping Spring Data MongoDB repositories in DEFAULT mode.
2025-03-31T19:28:23.009+03:00  INFO 36484 --- [main] .s.d.r.c.RepositoryConfigurationDelegate : Finished Spring Data repository scanning in 39 ms. Found 5 MongoDB repository interfaces.
2025-03-31T19:28:23.355+03:00  INFO 36484 --- [main] o.s.b.w.embedded.tomcat.TomcatWebServer  : Tomcat initialized with port 8080 (http)
2025-03-31T19:28:23.361+03:00  INFO 36484 --- [main] o.apache.catalina.core.StandardService   : Starting service [Tomcat]
2025-03-31T19:28:23.361+03:00  INFO 36484 --- [main] o.apache.catalina.core.StandardEngine    : Starting Servlet engine: [Apache Tomcat/10.1.26]
2025-03-31T19:28:23.401+03:00  INFO 36484 --- [main] o.a.c.c.C.[Tomcat].[localhost].[/]       : Initializing Spring embedded WebApplicationContext
2025-03-31T19:28:23.401+03:00  INFO 36484 --- [main] w.s.c.ServletWebServerApplicationContext : Root WebApplicationContext: initialization completed in 1021 ms
2025-03-31T19:28:23.636+03:00  INFO 36484 --- [main] org.mongodb.driver.client                : MongoClient with metadata {"driver": {"name": "mongo-java-driver|sync|spring-boot", "version": "5.0.1"}, "os": {"type": "Windows", "name": "Windows 11", "architecture": "amd64", "version": "10.0"}, "platform": "Java/Oracle Corporation/17.0.2+8-LTS-86"} created with settings MongoClientSettings{readPreference=primary, writeConcern=WriteConcern{w=null, wTimeout=null ms, journal=null}, retryWrites=true, retryReads=true, readConcern=ReadConcern{level=null}, credential=null, transportSettings=null, commandListeners=[io.micrometer.core.instrument.binder.mongodb.MongoMetricsCommandListener@3e74fd84], codecRegistry=ProvidersCodecRegistry{codecProviders=[ValueCodecProvider{}, BsonValueCodecProvider{}, DBRefCodecProvider{}, DBObjectCodecProvider{}, DocumentCodecProvider{}, CollectionCodecProvider{}, IterableCodecProvider{}, MapCodecProvider{}, GeoJsonCodecProvider{}, GridFSFileCodecProvider{}, Jsr310CodecProvider{}, JsonObjectCodecProvider{}, BsonCodecProvider{}, EnumCodecProvider{}, com.mongodb.client.model.mql.ExpressionCodecProvider@147efd9, com.mongodb.Jep395RecordCodecProvider@1e120628, com.mongodb.KotlinCodecProvider@4e4894d]}, loggerSettings=LoggerSettings{maxDocumentLength=1000}, clusterSettings={hosts=[localhost:27017], srvServiceName=mongodb, mode=SINGLE, requiredClusterType=UNKNOWN, requiredReplicaSetName='null', serverSelector='null', clusterListeners='[]', serverSelectionTimeout='30000 ms', localThreshold='15 ms'}, socketSettings=SocketSettings{connectTimeoutMS=10000, readTimeoutMS=0, receiveBufferSize=0, proxySettings=ProxySettings{host=null, port=null, username=null, password=null}}, heartbeatSocketSettings=SocketSettings{connectTimeoutMS=10000, readTimeoutMS=10000, receiveBufferSize=0, proxySettings=ProxySettings{host=null, port=null, username=null, password=null}}, connectionPoolSettings=ConnectionPoolSettings{maxSize=100, minSize=0, maxWaitTimeMS=120000, maxConnectionLifeTimeMS=0, maxConnectionIdleTimeMS=0, maintenanceInitialDelayMS=0, maintenanceFrequencyMS=60000, connectionPoolListeners=[io.micrometer.core.instrument.binder.mongodb.MongoMetricsConnectionPoolListener@1de5cc88], maxConnecting=2}, serverSettings=ServerSettings{heartbeatFrequencyMS=10000, minHeartbeatFrequencyMS=500, serverListeners='[]', serverMonitorListeners='[]'}, sslSettings=SslSettings{enabled=false, invalidHostNameAllowed=false, context=null}, applicationName='null', compressorList=[], uuidRepresentation=JAVA_LEGACY, serverApi=null, autoEncryptionSettings=null, dnsClient=null, inetAddressResolver=null, contextProvider=null}
2025-03-31T19:28:23.643+03:00  INFO 36484 --- [cluster-ClusterId{value='67eac2a786d15d7e25c5ffd4', description='null'}-localhost:27017] org.mongodb.driver.cluster               : Monitor thread successfully connected to server with description ServerDescription{address=localhost:27017, type=STANDALONE, state=CONNECTED, ok=true, minWireVersion=0, maxWireVersion=21, maxDocumentSize=16777216, logicalSessionTimeoutMinutes=30, roundTripTimeNanos=13603300}
2025-03-31T19:28:24.136+03:00  INFO 36484 --- [main] r$InitializeUserDetailsManagerConfigurer : Global AuthenticationManager configured with UserDetailsService bean with name userDetailsServiceImpl
2025-03-31T19:28:24.241+03:00  INFO 36484 --- [main] o.s.b.a.e.web.EndpointLinksResolver      : Exposing 4 endpoints beneath base path '/actuator'
2025-03-31T19:28:24.670+03:00  INFO 36484 --- [main] o.s.b.w.embedded.tomcat.TomcatWebServer  : Tomcat started on port 8080 (http) with context path '/'
2025-03-31T19:28:24.682+03:00  INFO 36484 --- [main] ru.otus.hw.Application                   : Started Application in 2.754 seconds (process running for 3.382)
2025-03-31T19:28:24.720+03:00  INFO 36484 --- [main] c.g.c.m.d.core.lock.DefaultLockManager   : Mongock trying to acquire the lock
2025-03-31T19:28:24.733+03:00  INFO 36484 --- [main] c.g.c.m.d.core.lock.DefaultLockManager   : Mongock acquired the lock until: Mon Mar 31 19:31:24 MSK 2025
2025-03-31T19:28:24.734+03:00  INFO 36484 --- [main] c.g.c.m.r.c.executor.MigrationExecutor   : Mongock starting the data migration sequence id[2025-03-31T19:28:24.734588400-320]...
2025-03-31T19:28:24.741+03:00  INFO 36484 --- [main] c.g.c.m.r.c.executor.MigrationExecutor   : method[dropDB] with arguments: [com.github.cloudyrock.mongock.driver.mongodb.sync.v4.decorator.impl.MongoDataBaseDecoratorImpl]
2025-03-31T19:28:24.746+03:00  INFO 36484 --- [main] c.g.c.m.r.c.executor.MigrationExecutor   : APPLIED - ChangeEntry{, "id"="dropDB", "author"="olgapima", "class"="InitMongoDBDataChangeLog", "method"="dropDB"}
2025-03-31T19:28:24.777+03:00  INFO 36484 --- [main] c.g.c.m.r.c.executor.MigrationExecutor   : method[initAuthors] with arguments: [jdk.proxy2.$Proxy131]
2025-03-31T19:28:24.801+03:00  INFO 36484 --- [main] c.g.c.m.r.c.executor.MigrationExecutor   : APPLIED - ChangeEntry{, "id"="initAuthors", "author"="olgapima", "class"="InitMongoDBDataChangeLog", "method"="initAuthors"}
2025-03-31T19:28:24.805+03:00  INFO 36484 --- [main] c.g.c.m.r.c.executor.MigrationExecutor   : method[initGenres] with arguments: [jdk.proxy2.$Proxy132]
2025-03-31T19:28:24.819+03:00  INFO 36484 --- [main] c.g.c.m.r.c.executor.MigrationExecutor   : APPLIED - ChangeEntry{, "id"="initGenres", "author"="olgapima", "class"="InitMongoDBDataChangeLog", "method"="initGenres"}
2025-03-31T19:28:24.824+03:00  INFO 36484 --- [main] c.g.c.m.r.c.executor.MigrationExecutor   : method[initBooks] with arguments: [jdk.proxy2.$Proxy133]
2025-03-31T19:28:24.839+03:00  INFO 36484 --- [main] c.g.c.m.r.c.executor.MigrationExecutor   : APPLIED - ChangeEntry{, "id"="initBooks", "author"="olgapima", "class"="InitMongoDBDataChangeLog", "method"="initBooks"}
2025-03-31T19:28:24.842+03:00  INFO 36484 --- [main] c.g.c.m.r.c.executor.MigrationExecutor   : method[initComments] with arguments: [jdk.proxy2.$Proxy134]
2025-03-31T19:28:24.857+03:00  INFO 36484 --- [main] c.g.c.m.r.c.executor.MigrationExecutor   : APPLIED - ChangeEntry{, "id"="initComments", "author"="olgapima", "class"="InitMongoDBDataChangeLog", "method"="initComments"}
2025-03-31T19:28:24.860+03:00  INFO 36484 --- [main] c.g.c.m.r.c.executor.MigrationExecutor   : method[initUsers] with arguments: [jdk.proxy2.$Proxy135, jdk.proxy2.$Proxy136]
2025-03-31T19:28:25.012+03:00  INFO 36484 --- [main] c.g.c.m.r.c.executor.MigrationExecutor   : APPLIED - ChangeEntry{, "id"="initUsers", "author"="olgapima", "class"="InitMongoDBDataChangeLog", "method"="initUsers"}
2025-03-31T19:28:25.014+03:00  INFO 36484 --- [main] c.g.c.m.d.core.lock.DefaultLockManager   : Mongock releasing the lock
2025-03-31T19:28:25.017+03:00  INFO 36484 --- [main] c.g.c.m.d.core.lock.DefaultLockManager   : Mongock released the lock
2025-03-31T19:28:25.017+03:00  INFO 36484 --- [main] c.g.c.m.r.c.executor.MigrationExecutor   : Mongock has finished
2025-03-31T19:28:33.611+03:00  INFO 36484 --- [http-nio-8080-exec-1] o.a.c.c.C.[Tomcat].[localhost].[/]       : Initializing Spring DispatcherServlet 'dispatcherServlet'
2025-03-31T19:28:33.612+03:00  INFO 36484 --- [http-nio-8080-exec-1] o.s.web.servlet.DispatcherServlet        : Initializing Servlet 'dispatcherServlet'
2025-03-31T19:28:33.613+03:00  INFO 36484 --- [http-nio-8080-exec-1] o.s.web.servlet.DispatcherServlet        : Completed initialization in 1 ms
2025-03-31T19:29:17.839+03:00  INFO 26828 --- [main] ru.otus.hw.Application                   : Starting Application using Java 17.0.2 with PID 26828 (C:\Мои документы\_Учеба\_Otus\2023-09-otus-spring-Monastyrskaya\hw16-actuator\target\classes started by olgap in C:\Мои документы\_Учеба\_Otus\2023-09-otus-spring-Monastyrskaya\hw16-actuator)
2025-03-31T19:29:17.842+03:00  INFO 26828 --- [main] ru.otus.hw.Application                   : No active profile set, falling back to 1 default profile: "default"
2025-03-31T19:29:18.678+03:00  INFO 26828 --- [main] .s.d.r.c.RepositoryConfigurationDelegate : Bootstrapping Spring Data MongoDB repositories in DEFAULT mode.
2025-03-31T19:29:18.722+03:00  INFO 26828 --- [main] .s.d.r.c.RepositoryConfigurationDelegate : Finished Spring Data repository scanning in 40 ms. Found 5 MongoDB repository interfaces.
2025-03-31T19:29:19.052+03:00  INFO 26828 --- [main] o.s.b.w.embedded.tomcat.TomcatWebServer  : Tomcat initialized with port 8080 (http)
2025-03-31T19:29:19.059+03:00  INFO 26828 --- [main] o.apache.catalina.core.StandardService   : Starting service [Tomcat]
2025-03-31T19:29:19.059+03:00  INFO 26828 --- [main] o.apache.catalina.core.StandardEngine    : Starting Servlet engine: [Apache Tomcat/10.1.26]
2025-03-31T19:29:19.098+03:00  INFO 26828 --- [main] o.a.c.c.C.[Tomcat].[localhost].[/]       : Initializing Spring embedded WebApplicationContext
2025-03-31T19:29:19.099+03:00  INFO 26828 --- [main] w.s.c.ServletWebServerApplicationContext : Root WebApplicationContext: initialization completed in 1129 ms
2025-03-31T19:29:19.336+03:00  INFO 26828 --- [main] org.mongodb.driver.client                : MongoClient with metadata {"driver": {"name": "mongo-java-driver|sync|spring-boot", "version": "5.0.1"}, "os": {"type": "Windows", "name": "Windows 11", "architecture": "amd64", "version": "10.0"}, "platform": "Java/Oracle Corporation/17.0.2+8-LTS-86"} created with settings MongoClientSettings{readPreference=primary, writeConcern=WriteConcern{w=null, wTimeout=null ms, journal=null}, retryWrites=true, retryReads=true, readConcern=ReadConcern{level=null}, credential=null, transportSettings=null, commandListeners=[io.micrometer.core.instrument.binder.mongodb.MongoMetricsCommandListener@3214bad], codecRegistry=ProvidersCodecRegistry{codecProviders=[ValueCodecProvider{}, BsonValueCodecProvider{}, DBRefCodecProvider{}, DBObjectCodecProvider{}, DocumentCodecProvider{}, CollectionCodecProvider{}, IterableCodecProvider{}, MapCodecProvider{}, GeoJsonCodecProvider{}, GridFSFileCodecProvider{}, Jsr310CodecProvider{}, JsonObjectCodecProvider{}, BsonCodecProvider{}, EnumCodecProvider{}, com.mongodb.client.model.mql.ExpressionCodecProvider@52d7ab79, com.mongodb.Jep395RecordCodecProvider@f95d64d, com.mongodb.KotlinCodecProvider@288728e]}, loggerSettings=LoggerSettings{maxDocumentLength=1000}, clusterSettings={hosts=[localhost:27017], srvServiceName=mongodb, mode=SINGLE, requiredClusterType=UNKNOWN, requiredReplicaSetName='null', serverSelector='null', clusterListeners='[]', serverSelectionTimeout='30000 ms', localThreshold='15 ms'}, socketSettings=SocketSettings{connectTimeoutMS=10000, readTimeoutMS=0, receiveBufferSize=0, proxySettings=ProxySettings{host=null, port=null, username=null, password=null}}, heartbeatSocketSettings=SocketSettings{connectTimeoutMS=10000, readTimeoutMS=10000, receiveBufferSize=0, proxySettings=ProxySettings{host=null, port=null, username=null, password=null}}, connectionPoolSettings=ConnectionPoolSettings{maxSize=100, minSize=0, maxWaitTimeMS=120000, maxConnectionLifeTimeMS=0, maxConnectionIdleTimeMS=0, maintenanceInitialDelayMS=0, maintenanceFrequencyMS=60000, connectionPoolListeners=[io.micrometer.core.instrument.binder.mongodb.MongoMetricsConnectionPoolListener@b7d2d51], maxConnecting=2}, serverSettings=ServerSettings{heartbeatFrequencyMS=10000, minHeartbeatFrequencyMS=500, serverListeners='[]', serverMonitorListeners='[]'}, sslSettings=SslSettings{enabled=false, invalidHostNameAllowed=false, context=null}, applicationName='null', compressorList=[], uuidRepresentation=JAVA_LEGACY, serverApi=null, autoEncryptionSettings=null, dnsClient=null, inetAddressResolver=null, contextProvider=null}
2025-03-31T19:29:19.343+03:00  INFO 26828 --- [cluster-ClusterId{value='67eac2dfbc5fdd2b8d0d83dd', description='null'}-localhost:27017] org.mongodb.driver.cluster               : Monitor thread successfully connected to server with description ServerDescription{address=localhost:27017, type=STANDALONE, state=CONNECTED, ok=true, minWireVersion=0, maxWireVersion=21, maxDocumentSize=16777216, logicalSessionTimeoutMinutes=30, roundTripTimeNanos=14127800}
2025-03-31T19:29:19.811+03:00  INFO 26828 --- [main] r$InitializeUserDetailsManagerConfigurer : Global AuthenticationManager configured with UserDetailsService bean with name userDetailsServiceImpl
2025-03-31T19:29:19.912+03:00  INFO 26828 --- [main] o.s.b.a.e.web.EndpointLinksResolver      : Exposing 4 endpoints beneath base path '/actuator'
2025-03-31T19:29:20.334+03:00  INFO 26828 --- [main] o.s.b.w.embedded.tomcat.TomcatWebServer  : Tomcat started on port 8080 (http) with context path '/'
2025-03-31T19:29:20.345+03:00  INFO 26828 --- [main] ru.otus.hw.Application                   : Started Application in 3.083 seconds (process running for 3.752)
2025-03-31T19:29:20.384+03:00  INFO 26828 --- [main] c.g.c.m.d.core.lock.DefaultLockManager   : Mongock trying to acquire the lock
2025-03-31T19:29:20.396+03:00  INFO 26828 --- [main] c.g.c.m.d.core.lock.DefaultLockManager   : Mongock acquired the lock until: Mon Mar 31 19:32:20 MSK 2025
2025-03-31T19:29:20.397+03:00  INFO 26828 --- [main] c.g.c.m.r.c.executor.MigrationExecutor   : Mongock starting the data migration sequence id[2025-03-31T19:29:20.397507300-891]...
2025-03-31T19:29:20.404+03:00  INFO 26828 --- [main] c.g.c.m.r.c.executor.MigrationExecutor   : method[dropDB] with arguments: [com.github.cloudyrock.mongock.driver.mongodb.sync.v4.decorator.impl.MongoDataBaseDecoratorImpl]
2025-03-31T19:29:20.407+03:00  INFO 26828 --- [main] c.g.c.m.r.c.executor.MigrationExecutor   : RE-APPLIED - ChangeEntry{, "id"="dropDB", "author"="olgapima", "class"="InitMongoDBDataChangeLog", "method"="dropDB"}
2025-03-31T19:29:20.410+03:00  INFO 26828 --- [main] c.g.c.m.r.c.executor.MigrationExecutor   : method[initAuthors] with arguments: [jdk.proxy2.$Proxy131]
2025-03-31T19:29:20.445+03:00  INFO 26828 --- [main] c.g.c.m.r.c.executor.MigrationExecutor   : APPLIED - ChangeEntry{, "id"="initAuthors", "author"="olgapima", "class"="InitMongoDBDataChangeLog", "method"="initAuthors"}
2025-03-31T19:29:20.465+03:00  INFO 26828 --- [main] c.g.c.m.r.c.executor.MigrationExecutor   : method[initGenres] with arguments: [jdk.proxy2.$Proxy132]
2025-03-31T19:29:20.479+03:00  INFO 26828 --- [main] c.g.c.m.r.c.executor.MigrationExecutor   : APPLIED - ChangeEntry{, "id"="initGenres", "author"="olgapima", "class"="InitMongoDBDataChangeLog", "method"="initGenres"}
2025-03-31T19:29:20.482+03:00  INFO 26828 --- [main] c.g.c.m.r.c.executor.MigrationExecutor   : method[initComments] with arguments: [jdk.proxy2.$Proxy133]
2025-03-31T19:29:20.498+03:00  INFO 26828 --- [main] c.g.c.m.r.c.executor.MigrationExecutor   : APPLIED - ChangeEntry{, "id"="initComments", "author"="olgapima", "class"="InitMongoDBDataChangeLog", "method"="initComments"}
2025-03-31T19:29:20.501+03:00  INFO 26828 --- [main] c.g.c.m.r.c.executor.MigrationExecutor   : method[initUsers] with arguments: [jdk.proxy2.$Proxy134, jdk.proxy2.$Proxy135]
2025-03-31T19:29:20.655+03:00  INFO 26828 --- [main] c.g.c.m.r.c.executor.MigrationExecutor   : APPLIED - ChangeEntry{, "id"="initUsers", "author"="olgapima", "class"="InitMongoDBDataChangeLog", "method"="initUsers"}
2025-03-31T19:29:20.657+03:00  INFO 26828 --- [main] c.g.c.m.d.core.lock.DefaultLockManager   : Mongock releasing the lock
2025-03-31T19:29:20.659+03:00  INFO 26828 --- [main] c.g.c.m.d.core.lock.DefaultLockManager   : Mongock released the lock
2025-03-31T19:29:20.660+03:00  INFO 26828 --- [main] c.g.c.m.r.c.executor.MigrationExecutor   : Mongock has finished
2025-03-31T19:29:54.851+03:00  INFO 26828 --- [http-nio-8080-exec-1] o.a.c.c.C.[Tomcat].[localhost].[/]       : Initializing Spring DispatcherServlet 'dispatcherServlet'
2025-03-31T19:29:54.851+03:00  INFO 26828 --- [http-nio-8080-exec-1] o.s.web.servlet.DispatcherServlet        : Initializing Servlet 'dispatcherServlet'
2025-03-31T19:29:54.853+03:00  INFO 26828 --- [http-nio-8080-exec-1] o.s.web.servlet.DispatcherServlet        : Completed initialization in 2 ms
