1701534077152:ag
1701534103879:ab
1701534107329:bbid
1701534114958:bbid 2
1701534144466:bins
1701534153989:bdel 2
1701534165772:aa
1701614869155:ab
1701616587477:fbid
1701616591164:fbid 1
1701616654756:fbid 2
1701616657340:fbid 3
1701618546821:bins "MegaBook", 1, 2
1701618585942:bins "Test", 1, 2
1701618608464:bins "Test" 1 1
1701618628241:bins "Test" 1 2
1701619186710:bins "Test", 1, 2
1701619195133:bins "Test" 1 2
1701619229886:bins "Test2" 1 5
1701619251992:bins "test" 1 5
1701621312899:bins "test" 1 2
1701621542385:bins "test" 1 5
1701621552785:bins "test" 1 2
1701621561161:bins "test" 5 1
1701621736470:bins "test" 1 3
1701622059779:bins "test" 5 1
1701622087022:bins test 5 5
1701622094649:bins test 1 5
1701622103535:test 1 2
1701622108381:bins test 1 2
1701628056526:bupd 1 test 1 2
1701629335244:bupd 1 test 1 1
1701630683188:bins test 1 2
1701630703683:bupd 4 test2 2 3
1701630724546:bupd 5 test2 2 3
1701630782555:bupd 4 test2 2 3
1701630819728:bupd 5 test2 2 3
1701631014049:bupd 5 test 1 2
1701631200664:aa
1701631202648:ab
1701631204408:ag
1701631874127:bdel 3
1701631881367:ab
1701631895592:bdel 2
1701632002333:ab
1701632007130:bdel 3
1701632018312:bdel 5
1701632178364:bdel 3
1701632186481:bdel 5
1701632258735:aa
1701632789522:ab
1701632790896:ag
1701632800759:bins test 1 2
1701632809942:bupd 4 test2 1 2
1701632817303:bdel 4
1701632820475:bdel 5
1701632828803:bins test 5 5
1701632842545:bupd 2 test 2 6
1701708036667:fbid 10
1701716028319:bdel 1
1701716030484:bdel 2
1701716032190:bdel 3
1701716036548:fab
1701716045869:ab
1701716972362:bins test 1 2
1701716976044:bins test 1 5
1701717494931:bdel 10
1701717692523:bins test 1 5
1701717700083:bupd 10 test 1 5
1701717714139:bupd 10 test 1 1
1701717721123:bupd 10 test 10 5
1701717731405:bins test 40 50
1702358151441:aa
1703415045290:ag
1703415073444:ab
1703415168836:fbid 2
1703415306334:bins test, 1, 2
1703415318228:bins test 1 2
1703416679932:bins 1 2
1703416699371:bins test 1 2
1703416726122:ab
1703416742533:bupd tets2 1 2
1703416776392:bupd 4 test2 2 3
1703416816855:ab
1703416821881:bins test 1 2
1703416835416:bupd 4 test2 2 3
1703416932082:ab
1703417701331:bins test 1 2
1703417715529:bupd 4 test2 2 3
1703417767550:bupd 3 test 2 3
1703417784872:bdel 3
1703417813142:aa
1703417825165:ab
1703417868359:bdel 3
1703417871817:ab
1703431556591:aa
1703431572268:ag
1703431575195:ab
1703431599497:bins test 1 2
1703431613301:bupd 4 test2 2 3
1703431627151:bdel 4
1703432030390:bdel 3
1703432049612:fbcid 2
1703432273775:cins "Мура какая-то" 2
1703432289590:fbcid 2
1703432407246:cins "ура какая-то" 2
1703432541624:cins "Мура какая-то" 2
1703432556991:cupd 4 "Фигня какая-то"
1703432579358:fbcid 2
1703433275861:fbc 2
1703433289232:cins Фигня 2
1703433291888:fbc 2
1703433317657:cupd 4 Мура
1703433323495:fbc 2
1703433329876:cdel 10
1703782573327:ab
1703783011446:aa
1703783176381:ag
1703783180659:aa
1703784205146:ab
1703789256426:fbid 2
1703946160358:bdel 2
1703946753304:fbid 2
1703947547971:ab
1703947556465:fbid 2
1703947579360:bins Test 1 1
1703947645277:bupd 4 Title2 2 2
1703947658189:bdel 4
1703947833036:aa
1703947843909:ag
1703948526319:fbc 2
1703948641284:cins Хрень 2
1703948651734:fbc 2
1703948667264:cupd Хрень2 2
1703948688962:cupd 2 Хрень2
1703948698453:fbc 2
1703948716508:cupd 4 Хрень500
1703948722545:fbc 2
1703948737071:cdel 4
1703948753222:fbc 2
1703948879642:bins test 2 2
1703949007861:bupd test2 2 2
1703949028563:bupd 4 test2 2 2
1703949034751:bdel 4
1703949182711:cins Test 2
1703949199363:cupd 4 Test44
1703949326776:cdel 4
1703949410337:cdel 3
1704644299341:aa
1704644543700:ab
1704644619331:ag
1704644627275:fbid 2
1704644639072:fbid 659acfae38c7b829cd124ece
1704644655882:fbid 659acfae38c7b829cd124ed0
1704644663952:fbc 659acfae38c7b829cd124ed0
1704699071845:ab
1704699079748:bdel 659acfae38c7b829cd124ece
1704699125613:bins test 659acfae38c7b829cd124ec8 659acfae38c7b829cd124ecb
1704699388986:ab
1704699395355:aa
1704699396302:ag
1704699410656:bins test 659ba5e409680203bda0f804 659ba5e409680203bda0f808
1704699431967:bins test 659ba5e409680203bda0f804 659ba5e409680203bda0f809
1704699596705:ab
1704701229811:aa
1704701230817:ag
1704701247046:bins test 659bad0b6d59e57168a0ce48 659bad0b6d59e57168a0ce4c
1704701251837:ab
1704701294203:bupd 659bad3f6d59e57168a0ce57 test333 659bad0b6d59e57168a0ce48 659bad0b6d59e57168a0ce4c
1704701298605:ab
1704701354849:fbc 659bad0e6d59e57168a0ce51
1704701911951:ab
1704701917180:fbc 659bafd0a78caa3d627c28e8
1704702033744:фи
1704702034967:ab
1704702039678:fbc 659bb04d3615d147cfd30a15
1704702098070:cins teeeest 659bb04d3615d147cfd30a15
1704702103271:fbc 659bb04d3615d147cfd30a15
1704702117251:cupd muuuur 659bb04d3615d147cfd30a15
1704702132554:cupd muuuuur 659bb0923615d147cfd30a1d
1704702147757:cupd 659bb0923615d147cfd30a1d muuuur
1704702162898:fbc 659bb04d3615d147cfd30a15
1704702169045:cdel 659bb0923615d147cfd30a1d
1704702175702:fbc 659bb04d3615d147cfd30a15
1704704371274:aa
1704704378286:faid 659bb96ca8f63b61311f27fb
1704704391342:aupd 659bb96ca8f63b61311f27fb Куперррр
1704704393625:aa
1704704401835:adel 659bb96ca8f63b61311f27fb
1704704420554:aa
1704704423290:adel 659bb96ca8f63b61311f27fb
1704704424794:aa
1704704473354:ab
1704704482097:bdel 659bb9a2031bf45e3b6e4f40
1704704822596:ab
1704704829633:bdel 243
1704705491834:ab
1704705494218:bdel 33
1704705497612:aa
1704705500255:adel 33
1704705619542:aa
1704705622843:adel 4
1704705632724:adel 659bbe48f1b9c66972ab80fa
1704706423078:ag
1704706461224:fgid 659bc10eb678c15c3e7c0f19
1704706467619:gins test
1704706735577:ains test
1704706737924:aa
1704706742898:gins rrrr
1704706743905:ag
1704706759440:gupd 659bc2b6389c9178a8c48f3d eeee
1704706760912:ag
1704706766090:gdel 2
1704706769612:gdel 659bc2b6389c9178a8c48f3d
1704706771074:ag
1704706916444:aa
1704706928573:aupd 659bc2af389c9178a8c48f3c ssss
1704706934554:aupd 3
1704706937979:adel 5
1704706940894:adel 659bc2af389c9178a8c48f3c
1704706943018:aa
1704706949725:adel 659bc2a8389c9178a8c48f2e
1704708295281:ag
1704708302915:gdel 659bc8be05588c2691b65d07
1704708307439:ab
1704708312619:bdel 659bc8be05588c2691b65d0b
1704708319458:gdel 659bc8be05588c2691b65d07
1704708321913:ag
1704708324486:ab
1704708595100:фф
1704708596635:aa
1704708601620:adel 659bc96b58e62742d155571a
1704708840138:aa
1704708844282:adel 659bcae21cb947065f46857c
1704709232234:ab
1704709236848:bdel 659bcc6ebca530535d2f928a
1704709239785:ab
1704709245622:fbc 659bcc6ebca530535d2f928a
1704709337633:ab
1704709346858:bdel 659bcccfa14f2a01c44a4896
1704709435274:fbc 659bcccfa14f2a01c44a4896
1704709468441:fbid 659bcccfa14f2a01c44a4896
1704710667085:aa
1704710671399:adel 659bd2084ad3ae734d68a5e1
1704710701800:ag
1704710706820:gdel 5
1704710715504:gdel 659bd22a6aa0624e4326688b
1704710719933:ab
1704710725216:bdel 659bd22a6aa0624e4326688e
1704710728287:ab
1704710957854:aa
1704710960680:ag
1704710965345:ains test
1704711001974:bins test 659bd31447d0e671c0fa17a7 659bd31447d0e671c0fa17aa
1704711008630:bdel 659bd35947d0e671c0fa17b6
1704711017395:bdel 659bd31447d0e671c0fa17a5
1704711034902:bdel 659bd31447d0e671c0fa17ad
